-------------------------------------------------------------------------------
Test set: entity.UserTest
-------------------------------------------------------------------------------
Tests run: 1, Failures: 1, Errors: 0, Skipped: 0, Time elapsed: 0.059 s <<< FAILURE! - in entity.UserTest
createAndUpdateUser  Time elapsed: 0.059 s  <<< FAILURE!
org.opentest4j.AssertionFailedError: expected: <SSaYFvLW/6OW9z9F5a0Cxg==$Jyr6RpnV5CAiA16+hvEDESOwZWY9y5hNQg6/4t3nEbc=> but was: <***>
	at entity.UserTest.createAndUpdateUser(UserTest.java:15)

