-------------------------------------------------------------------------------
Test set: security.PasswordHashingTest
-------------------------------------------------------------------------------
Tests run: 1, Failures: 0, Errors: 1, Skipped: 0, Time elapsed: 1.397 s <<< FAILURE! - in security.PasswordHashingTest
checkPasswordConsistency  Time elapsed: 1.395 s  <<< ERROR!
java.lang.IllegalArgumentException: Empty passwords are not supported.
	at security.PasswordHashingTest.checkPasswordConsistency(PasswordHashingTest.java:22)

