-------------------------------------------------------------------------------
Test set: server.action.FacilityActionTest
-------------------------------------------------------------------------------
Tests run: 1, Failures: 1, Errors: 0, Skipped: 0, Time elapsed: 7.903 s <<< FAILURE! - in server.action.FacilityActionTest
testFindAllFacilities  Time elapsed: 7.902 s  <<< FAILURE!
org.opentest4j.AssertionFailedError: expected: <0> but was: <1>
	at server.action.FacilityActionTest.testFindAllFacilities(FacilityActionTest.java:19)

