-------------------------------------------------------------------------------
Test set: ui.BatchPanelTest
-------------------------------------------------------------------------------
Tests run: 2, Failures: 1, Errors: 0, Skipped: 0, Time elapsed: 0.037 s <<< FAILURE! - in ui.BatchPanelTest
middlePanelTest  Time elapsed: 0.004 s  <<< FAILURE!
org.opentest4j.AssertionFailedError: expected: <1> but was: <2>
	at ui.BatchPanelTest.middlePanelTest(BatchPanelTest.java:36)

