-------------------------------------------------------------------------------
Test set: ui.EditPanelTest
-------------------------------------------------------------------------------
Tests run: 4, Failures: 1, Errors: 0, Skipped: 0, Time elapsed: 2.727 s <<< FAILURE! - in ui.EditPanelTest
setRoomEmptyName  Time elapsed: 0.227 s  <<< FAILURE!
org.junit.ComparisonFailure: expected:<[Edit Room ]> but was:<[Create a Room]>
	at ui.EditPanelTest.setRoomEmptyName(EditPanelTest.java:30)

