-------------------------------------------------------------------------------
Test set: ui.LoginPanelTest
-------------------------------------------------------------------------------
Tests run: 3, Failures: 1, Errors: 0, Skipped: 0, Time elapsed: 0.495 s <<< FAILURE! - in ui.LoginPanelTest
checkLogin  Time elapsed: 0.429 s  <<< FAILURE!
org.opentest4j.AssertionFailedError: expected: <4> but was: <6>
	at ui.LoginPanelTest.checkLogin(LoginPanelTest.java:95)

