-------------------------------------------------------------------------------
Test set: ui.ManagePanelTest
-------------------------------------------------------------------------------
Tests run: 2, Failures: 1, Errors: 0, Skipped: 0, Time elapsed: 0.004 s <<< FAILURE! - in ui.ManagePanelTest
middlePanelTest  Time elapsed: 0.002 s  <<< FAILURE!
org.opentest4j.AssertionFailedError: expected: <0> but was: <3>
	at ui.ManagePanelTest.middlePanelTest(ManagePanelTest.java:33)

