-------------------------------------------------------------------------------
Test set: dao.RoomDaoTest
-------------------------------------------------------------------------------
Tests run: 1, Failures: 1, Errors: 0, Skipped: 0, Time elapsed: 0.008 s <<< FAILURE! - in dao.RoomDaoTest
roomDatabaseTest  Time elapsed: 0.008 s  <<< FAILURE!
org.opentest4j.AssertionFailedError: expected: <2> but was: <1>
	at dao.RoomDaoTest.roomDatabaseTest(RoomDaoTest.java:31)

